<?xml version="1.0" encoding="UTF-8"?>
<testsuite name="com.RobertoPalMol.TribeMe_Backend.TribeMeBackendApplicationTests" tests="1" skipped="0" failures="0" errors="0" timestamp="2025-05-22T22:06:33" hostname="DESKTOP-F55H37T" time="0.543">
  <properties/>
  <testcase name="contextLoads()" classname="com.RobertoPalMol.TribeMe_Backend.TribeMeBackendApplicationTests" time="0.543"/>
  <system-out><![CDATA[00:06:22.345 [Test worker] INFO org.springframework.test.context.support.AnnotationConfigContextLoaderUtils -- Could not detect default configuration classes for test class [com.RobertoPalMol.TribeMe_Backend.TribeMeBackendApplicationTests]: TribeMeBackendApplicationTests does not declare any static, non-private, non-final, nested classes annotated with @Configuration.
00:06:22.493 [Test worker] INFO org.springframework.boot.test.context.SpringBootTestContextBootstrapper -- Found @SpringBootConfiguration com.RobertoPalMol.TribeMe_Backend.TribeMeBackendApplication for test class com.RobertoPalMol.TribeMe_Backend.TribeMeBackendApplicationTests

  .   ____          _            __ _ _
 /\\ / ___'_ __ _ _(_)_ __  __ _ \ \ \ \
( ( )\___ | '_ | '_| | '_ \/ _` | \ \ \ \
 \\/  ___)| |_)| | | | | || (_| |  ) ) ) )
  '  |____| .__|_| |_|_| |_\__, | / / / /
 =========|_|==============|___/=/_/_/_/

 :: Spring Boot ::                (v3.4.1)

2025-05-23T00:06:23.019+02:00  INFO 2088 --- [TribeMe_Backend] [    Test worker] c.R.T.TribeMeBackendApplicationTests     : Starting TribeMeBackendApplicationTests using Java 21.0.1 with PID 2088 (started by PC in C:\Users\PC\Downloads\TribeMe_Backend)
2025-05-23T00:06:23.021+02:00  INFO 2088 --- [TribeMe_Backend] [    Test worker] c.R.T.TribeMeBackendApplicationTests     : No active profile set, falling back to 1 default profile: "default"
2025-05-23T00:06:23.833+02:00  INFO 2088 --- [TribeMe_Backend] [    Test worker] .s.d.r.c.RepositoryConfigurationDelegate : Bootstrapping Spring Data JPA repositories in DEFAULT mode.
2025-05-23T00:06:23.915+02:00  INFO 2088 --- [TribeMe_Backend] [    Test worker] .s.d.r.c.RepositoryConfigurationDelegate : Finished Spring Data repository scanning in 70 ms. Found 4 JPA repository interfaces.
2025-05-23T00:06:24.507+02:00  INFO 2088 --- [TribeMe_Backend] [    Test worker] o.hibernate.jpa.internal.util.LogHelper  : HHH000204: Processing PersistenceUnitInfo [name: default]
2025-05-23T00:06:24.593+02:00  INFO 2088 --- [TribeMe_Backend] [    Test worker] org.hibernate.Version                    : HHH000412: Hibernate ORM core version 6.6.4.Final
2025-05-23T00:06:24.652+02:00  INFO 2088 --- [TribeMe_Backend] [    Test worker] o.h.c.internal.RegionFactoryInitiator    : HHH000026: Second-level cache disabled
2025-05-23T00:06:25.067+02:00  INFO 2088 --- [TribeMe_Backend] [    Test worker] o.s.o.j.p.SpringPersistenceUnitInfo      : No LoadTimeWeaver setup: ignoring JPA class transformer
2025-05-23T00:06:25.114+02:00  INFO 2088 --- [TribeMe_Backend] [    Test worker] com.zaxxer.hikari.HikariDataSource       : HikariPool-1 - Starting...
2025-05-23T00:06:26.597+02:00  INFO 2088 --- [TribeMe_Backend] [    Test worker] com.zaxxer.hikari.pool.HikariPool        : HikariPool-1 - Added connection org.postgresql.jdbc.PgConnection@76b05c0
2025-05-23T00:06:26.598+02:00  INFO 2088 --- [TribeMe_Backend] [    Test worker] com.zaxxer.hikari.HikariDataSource       : HikariPool-1 - Start completed.
2025-05-23T00:06:26.727+02:00  WARN 2088 --- [TribeMe_Backend] [    Test worker] org.hibernate.orm.deprecation            : HHH90000025: PostgreSQLDialect does not need to be specified explicitly using 'hibernate.dialect' (remove the property setting and it will be selected by default)
2025-05-23T00:06:26.931+02:00  INFO 2088 --- [TribeMe_Backend] [    Test worker] org.hibernate.orm.connections.pooling    : HHH10001005: Database info:
	Database JDBC URL [Connecting through datasource 'HikariDataSource (HikariPool-1)']
	Database driver: undefined/unknown
	Database version: 16.9
	Autocommit mode: undefined/unknown
	Isolation level: undefined/unknown
	Minimum pool size: undefined/unknown
	Maximum pool size: undefined/unknown
2025-05-23T00:06:28.172+02:00  INFO 2088 --- [TribeMe_Backend] [    Test worker] o.h.e.t.j.p.i.JtaPlatformInitiator       : HHH000489: No JTA platform available (set 'hibernate.transaction.jta.platform' to enable JTA platform integration)
2025-05-23T00:06:31.186+02:00  INFO 2088 --- [TribeMe_Backend] [    Test worker] j.LocalContainerEntityManagerFactoryBean : Initialized JPA EntityManagerFactory for persistence unit 'default'
2025-05-23T00:06:31.611+02:00  INFO 2088 --- [TribeMe_Backend] [    Test worker] o.s.d.j.r.query.QueryEnhancerFactory     : Hibernate is in classpath; If applicable, HQL parser will be used.
2025-05-23T00:06:32.895+02:00  WARN 2088 --- [TribeMe_Backend] [    Test worker] JpaBaseConfiguration$JpaWebConfiguration : spring.jpa.open-in-view is enabled by default. Therefore, database queries may be performed during view rendering. Explicitly configure spring.jpa.open-in-view to disable this warning
2025-05-23T00:06:33.665+02:00  INFO 2088 --- [TribeMe_Backend] [    Test worker] c.R.T.TribeMeBackendApplicationTests     : Started TribeMeBackendApplicationTests in 10.974 seconds (process running for 12.701)
]]></system-out>
  <system-err><![CDATA[Mockito is currently self-attaching to enable the inline-mock-maker. This will no longer work in future releases of the JDK. Please add Mockito as an agent to your build what is described in Mockito's documentation: https://javadoc.io/doc/org.mockito/mockito-core/latest/org/mockito/Mockito.html#0.3
WARNING: A Java agent has been loaded dynamically (C:\Users\PC\.gradle\caches\modules-2\files-2.1\net.bytebuddy\byte-buddy-agent\1.15.11\a38b16385e867f59a641330f0362ebe742788ed8\byte-buddy-agent-1.15.11.jar)
WARNING: If a serviceability tool is in use, please run with -XX:+EnableDynamicAgentLoading to hide this warning
WARNING: If a serviceability tool is not in use, please run with -Djdk.instrument.traceUsage for more information
WARNING: Dynamic loading of agents will be disallowed by default in a future release
]]></system-err>
</testsuite>
